Log file open, 02/25/19 15:36:35
LogWindows: Failed to load 'aqProf.dll' (GetLastError=126)
LogWindows: File 'aqProf.dll' does not exist
LogWindows: Failed to load 'VtuneApi.dll' (GetLastError=126)
LogWindows: File 'VtuneApi.dll' does not exist
LogWindows: Failed to load 'VtuneApi32e.dll' (GetLastError=126)
LogWindows: File 'VtuneApi32e.dll' does not exist
LogConsoleResponse: Display: Failed to find resolution value strings in scalability ini. Falling back to default.
LogInit: Display: Running engine for game: AnimStarterPack
LogPakFile: Registered encryption key '00000000000000000000000000000000': 0 pak files mounted, 0 remain pending
LogPlatformFile: Not using cached read wrapper
LogTaskGraph: Started task graph with 5 named threads and 35 total threads with 3 sets of task threads.
LogStats: Stats thread started at 0.409230
LogD3D11RHI: Loaded GFSDK_Aftermath_Lib.x64.dll
LogICUInternationalization: ICU TimeZone Detection - Raw Offset: +0:00, Platform Override: ''
LogPluginManager: Mounting plugin Paper2D
LogPluginManager: Mounting plugin AISupport
LogPluginManager: Mounting plugin LightPropagationVolume
LogPluginManager: Mounting plugin ActorLayerUtilities
LogPluginManager: Mounting plugin CLionSourceCodeAccess
LogPluginManager: Mounting plugin CodeLiteSourceCodeAccess
LogPluginManager: Mounting plugin GitSourceControl
LogPluginManager: Mounting plugin KDevelopSourceCodeAccess
LogPluginManager: Mounting plugin NullSourceCodeAccess
LogPluginManager: Mounting plugin PerforceSourceControl
LogPluginManager: Mounting plugin SubversionSourceControl
LogPluginManager: Mounting plugin UObjectPlugin
LogPluginManager: Mounting plugin VisualStudioCodeSourceCodeAccess
LogPluginManager: Mounting plugin VisualStudioSourceCodeAccess
LogPluginManager: Mounting plugin XCodeSourceCodeAccess
LogPluginManager: Mounting plugin AssetManagerEditor
LogPluginManager: Mounting plugin CryptoKeys
LogPluginManager: Mounting plugin DataValidation
LogPluginManager: Mounting plugin FacialAnimation
LogPluginManager: Mounting plugin GameplayTagsEditor
LogPluginManager: Mounting plugin MacGraphicsSwitching
LogPluginManager: Mounting plugin MeshEditor
LogPluginManager: Mounting plugin MobileLauncherProfileWizard
LogPluginManager: Mounting plugin PluginBrowser
LogPluginManager: Mounting plugin SpeedTreeImporter
LogPluginManager: Mounting plugin DatasmithContent
LogPluginManager: Mounting plugin VariantManagerContent
LogPluginManager: Mounting plugin AlembicImporter
LogPluginManager: Mounting plugin AppleImageUtils
LogPluginManager: Mounting plugin AppleVision
LogPluginManager: Mounting plugin BackChannel
LogPluginManager: Mounting plugin CharacterAI
LogPluginManager: Mounting plugin GeometryCache
LogPluginManager: Mounting plugin HTML5Networking
LogPluginManager: Mounting plugin ProxyLODPlugin
LogPluginManager: Mounting plugin MagicLeap
LogPluginManager: Mounting plugin MagicLeapMedia
LogPluginManager: Mounting plugin AndroidMedia
LogPluginManager: Mounting plugin AvfMedia
LogPluginManager: Mounting plugin ImgMedia
LogPluginManager: Mounting plugin LinearTimecode
LogPluginManager: Mounting plugin MediaCompositing
LogPluginManager: Mounting plugin MediaPlayerEditor
LogPluginManager: Mounting plugin WebMMedia
LogPluginManager: Mounting plugin WmfMedia
LogPluginManager: Mounting plugin TcpMessaging
LogPluginManager: Mounting plugin UdpMessaging
LogPluginManager: Mounting plugin ActorSequence
LogPluginManager: Mounting plugin LevelSequenceEditor
LogPluginManager: Mounting plugin MatineeToLevelSequence
LogPluginManager: Mounting plugin NetcodeUnitTest
LogPluginManager: Mounting plugin NUTUnrealEngine4
LogPluginManager: Mounting plugin OnlineSubsystemGooglePlay
LogPluginManager: Mounting plugin OnlineSubsystemIOS
LogPluginManager: Mounting plugin OnlineSubsystem
LogPluginManager: Mounting plugin OnlineSubsystemNull
LogPluginManager: Mounting plugin OnlineSubsystemUtils
LogPluginManager: Mounting plugin LauncherChunkInstaller
LogPluginManager: Mounting plugin AndroidDeviceProfileSelector
LogPluginManager: Mounting plugin AndroidMoviePlayer
LogPluginManager: Mounting plugin AndroidPermission
LogPluginManager: Mounting plugin AppleMoviePlayer
LogPluginManager: Mounting plugin ArchVisCharacter
LogPluginManager: Mounting plugin AudioCapture
LogPluginManager: Mounting plugin CableComponent
LogPluginManager: Mounting plugin CustomMeshComponent
LogPluginManager: Mounting plugin EditableMesh
LogPluginManager: Mounting plugin ExampleDeviceProfileSelector
LogPluginManager: Mounting plugin Firebase
LogPluginManager: Mounting plugin GoogleCloudMessaging
LogPluginManager: Mounting plugin IOSDeviceProfileSelector
LogPluginManager: Mounting plugin LinuxDeviceProfileSelector
LogPluginManager: Mounting plugin LocationServicesBPLibrary
LogPluginManager: Mounting plugin MobilePatchingUtils
LogPluginManager: Mounting plugin OculusVR
LogPluginManager: Mounting plugin PhysXVehicles
LogPluginManager: Mounting plugin ProceduralMeshComponent
LogPluginManager: Mounting plugin RuntimePhysXCooking
LogPluginManager: Mounting plugin SteamVR
LogPluginManager: Mounting plugin WebMMoviePlayer
LogPluginManager: Mounting plugin WindowsMoviePlayer
LogStreaming: Display: Took  0.042s to configure plugins.
LogInit: Using libcurl 7.55.1-DEV
LogInit:  - built for x86_64-pc-win32
LogInit:  - supports SSL with OpenSSL/1.0.2h
LogInit:  - supports HTTP deflate (compression) using libz 1.2.8
LogInit:  - other features:
LogInit:      CURL_VERSION_SSL
LogInit:      CURL_VERSION_LIBZ
LogInit:      CURL_VERSION_IPV6
LogInit:      CURL_VERSION_ASYNCHDNS
LogInit:      CURL_VERSION_LARGEFILE
LogInit:      CURL_VERSION_IDN
LogInit:  CurlRequestOptions (configurable via config and command line):
LogInit:  - bVerifyPeer = true  - Libcurl will verify peer certificate
LogInit:  - bUseHttpProxy = false  - Libcurl will NOT use HTTP proxy
LogInit:  - bDontReuseConnections = false  - Libcurl will reuse connections
LogInit:  - MaxHostConnections = 16  - Libcurl will limit the number of connections to a host
LogInit:  - LocalHostAddr = Default
LogInit:  - BufferSize = 65536
LogInit: WinSock: version 1.1 (2.2), MaxSocks=32767, MaxUdp=65467
LogInit: Build: ++UE4+Release-4.21-CL-4753647
LogInit: Engine Version: 4.21.2-4753647+++UE4+Release-4.21
LogInit: Compatible Engine Version: 4.21.0-4541578+++UE4+Release-4.21
LogInit: Net CL: 4541578
LogInit: OS: Windows 10 (), CPU: Intel(R) Core(TM) i7-5820K CPU @ 3.30GHz, GPU: NVIDIA GeForce GTX 1080
LogInit: Compiled (64-bit): Jan 19 2019 02:07:31
LogInit: Compiled with Visual C++: 19.13.26129.00
LogInit: Build Configuration: Development
LogInit: Branch Name: ++UE4+Release-4.21
LogInit: Command Line:  /Game/StarterContent/Maps/Minimal_Default -game -PIEVIACONSOLE -ResX=1280 -ResY=720 -Multiprocess -messaging -SessionName="Play in Standalone Game" -windowed
LogInit: Base Directory: C:/Program Files/Epic Games/UE_4.21/Engine/Binaries/Win64/
LogInit: Installed Engine Build: 1
LogDevObjectVersion: Number of dev versions registered: 22
LogDevObjectVersion:   Dev-Blueprints (B0D832E4-1F89-4F0D-ACCF-7EB736FD4AA2): 10
LogDevObjectVersion:   Dev-Build (E1C64328-A22C-4D53-A36C-8E866417BD8C): 0
LogDevObjectVersion:   Dev-Core (375EC13C-06E4-48FB-B500-84F0262A717E): 2
LogDevObjectVersion:   Dev-Editor (E4B068ED-F494-42E9-A231-DA0B2E46BB41): 26
LogDevObjectVersion:   Dev-Framework (CFFC743F-43B0-4480-9391-14DF171D2073): 34
LogDevObjectVersion:   Dev-Mobile (B02B49B5-BB20-44E9-A304-32B752E40360): 2
LogDevObjectVersion:   Dev-Networking (A4E4105C-59A1-49B5-A7C5-40C4547EDFEE): 0
LogDevObjectVersion:   Dev-Online (39C831C9-5AE6-47DC-9A44-9C173E1C8E7C): 0
LogDevObjectVersion:   Dev-Physics (78F01B33-EBEA-4F98-B9B4-84EACCB95AA2): 0
LogDevObjectVersion:   Dev-Platform (6631380F-2D4D-43E0-8009-CF276956A95A): 0
LogDevObjectVersion:   Dev-Rendering (12F88B9F-8875-4AFC-A67C-D90C383ABD29): 27
LogDevObjectVersion:   Dev-Sequencer (7B5AE74C-D270-4C10-A958-57980B212A5A): 9
LogDevObjectVersion:   Dev-VR (D7296918-1DD6-4BDD-9DE2-64A83CC13884): 2
LogDevObjectVersion:   Dev-LoadTimes (C2A15278-BFE7-4AFE-6C17-90FF531DF755): 1
LogDevObjectVersion:   Private-Geometry (6EACA3D4-40EC-4CC1-B786-8BED09428FC5): 3
LogDevObjectVersion:   Dev-AnimPhys (29E575DD-E0A3-4627-9D10-D276232CDCEA): 17
LogDevObjectVersion:   Dev-Anim (AF43A65D-7FD3-4947-9873-3E8ED9C1BB05): 2
LogDevObjectVersion:   Dev-ReflectionCapture (6B266CEC-1EC7-4B8F-A30B-E4D90942FC07): 1
LogDevObjectVersion:   Dev-Automation (0DF73D61-A23F-47EA-B727-89E90C41499A): 1
LogDevObjectVersion:   FortniteMain (601D1886-AC64-4F84-AA16-D3DE0DEAC7D6): 17
LogDevObjectVersion:   Dev-Enterprise (9DFFBCD6-494F-0158-E221-12823C92A888): 4
LogDevObjectVersion:   Dev-Niagara (F2AED0AC-9AFE-416F-8664-AA7FFA26D6FC): 1
LogStreaming: Display: Took  0.002s to delete old logs.
LogInit: Presizing for max 8388607 objects, including 0 objects not considered by GC, pre-allocating 0 bytes for permanent pool.
LogInit: Object subsystem initialized
LogConfig: Setting CVar [[con.DebugEarlyDefault:1]]
LogConfig: Setting CVar [[r.setres:1280x720]]
[2019.02.25-15.36.35:893][  0]LogConfig: Setting CVar [[con.DebugEarlyDefault:1]]
[2019.02.25-15.36.35:893][  0]LogConfig: Setting CVar [[r.setres:1280x720]]
[2019.02.25-15.36.35:893][  0]LogConfig: Applying CVar settings from Section [/Script/Engine.RendererSettings] File [C:/Users/owen/Documents/GitHub/FPSAnimationsPrototype/AnimStarterPack/Saved/Config/Windows/Engine.ini]
[2019.02.25-15.36.35:893][  0]LogConfig: Setting CVar [[r.GPUCrashDebugging:0]]
[2019.02.25-15.36.35:893][  0]LogConfig: Applying CVar settings from Section [/Script/Engine.RendererOverrideSettings] File [C:/Users/owen/Documents/GitHub/FPSAnimationsPrototype/AnimStarterPack/Saved/Config/Windows/Engine.ini]
[2019.02.25-15.36.35:893][  0]LogConfig: Applying CVar settings from Section [/Script/Engine.StreamingSettings] File [C:/Users/owen/Documents/GitHub/FPSAnimationsPrototype/AnimStarterPack/Saved/Config/Windows/Engine.ini]
[2019.02.25-15.36.35:893][  0]LogConfig: Setting CVar [[s.MinBulkDataSizeForAsyncLoading:131072]]
[2019.02.25-15.36.35:893][  0]LogConfig: Setting CVar [[s.AsyncLoadingThreadEnabled:0]]
[2019.02.25-15.36.35:893][  0]LogConfig: Setting CVar [[s.EventDrivenLoaderEnabled:1]]
[2019.02.25-15.36.35:893][  0]LogConfig: Setting CVar [[s.WarnIfTimeLimitExceeded:0]]
[2019.02.25-15.36.35:893][  0]LogConfig: Setting CVar [[s.TimeLimitExceededMultiplier:1.5]]
[2019.02.25-15.36.35:893][  0]LogConfig: Setting CVar [[s.TimeLimitExceededMinTime:0.005]]
[2019.02.25-15.36.35:893][  0]LogConfig: Setting CVar [[s.UseBackgroundLevelStreaming:1]]
[2019.02.25-15.36.35:893][  0]LogConfig: Setting CVar [[s.PriorityAsyncLoadingExtraTime:15.0]]
[2019.02.25-15.36.35:893][  0]LogConfig: Setting CVar [[s.LevelStreamingActorsUpdateTimeLimit:5.0]]
[2019.02.25-15.36.35:893][  0]LogConfig: Setting CVar [[s.PriorityLevelStreamingActorsUpdateExtraTime:5.0]]
[2019.02.25-15.36.35:893][  0]LogConfig: Setting CVar [[s.LevelStreamingComponentsRegistrationGranularity:10]]
[2019.02.25-15.36.35:893][  0]LogConfig: Setting CVar [[s.UnregisterComponentsTimeLimit:1.0]]
[2019.02.25-15.36.35:893][  0]LogConfig: Setting CVar [[s.LevelStreamingComponentsUnregistrationGranularity:5]]
[2019.02.25-15.36.35:893][  0]LogConfig: Applying CVar settings from Section [/Script/Engine.GarbageCollectionSettings] File [C:/Users/owen/Documents/GitHub/FPSAnimationsPrototype/AnimStarterPack/Saved/Config/Windows/Engine.ini]
[2019.02.25-15.36.35:893][  0]LogConfig: Setting CVar [[gc.MaxObjectsNotConsideredByGC:1]]
[2019.02.25-15.36.35:893][  0]LogConfig: Setting CVar [[gc.SizeOfPermanentObjectPool:0]]
[2019.02.25-15.36.35:893][  0]LogConfig: Setting CVar [[gc.FlushStreamingOnGC:0]]
[2019.02.25-15.36.35:893][  0]LogConfig: Setting CVar [[gc.NumRetriesBeforeForcingGC:10]]
[2019.02.25-15.36.35:893][  0]LogConfig: Setting CVar [[gc.AllowParallelGC:1]]
[2019.02.25-15.36.35:893][  0]LogConfig: Setting CVar [[gc.TimeBetweenPurgingPendingKillObjects:61.1]]
[2019.02.25-15.36.35:893][  0]LogConfig: Setting CVar [[gc.MaxObjectsInEditor:8388607]]
[2019.02.25-15.36.35:893][  0]LogConfig: Setting CVar [[gc.IncrementalBeginDestroyEnabled:1]]
[2019.02.25-15.36.35:893][  0]LogConfig: Setting CVar [[gc.CreateGCClusters:1]]
[2019.02.25-15.36.35:893][  0]LogConfig: Setting CVar [[gc.MergeGCClusters:0]]
[2019.02.25-15.36.35:893][  0]LogConfig: Setting CVar [[gc.MinGCClusterSize:5]]
[2019.02.25-15.36.35:893][  0]LogConfig: Setting CVar [[gc.ActorClusteringEnabled:0]]
[2019.02.25-15.36.35:893][  0]LogConfig: Setting CVar [[gc.BlueprintClusteringEnabled:0]]
[2019.02.25-15.36.35:893][  0]LogConfig: Setting CVar [[gc.UseDisregardForGCOnDedicatedServers:0]]
[2019.02.25-15.36.35:893][  0]LogConfig: Applying CVar settings from Section [/Script/Engine.NetworkSettings] File [C:/Users/owen/Documents/GitHub/FPSAnimationsPrototype/AnimStarterPack/Saved/Config/Windows/Engine.ini]
[2019.02.25-15.36.35:893][  0]LogConfig: Applying CVar settings from Section [/Script/UnrealEd.CookerSettings] File [C:/Users/owen/Documents/GitHub/FPSAnimationsPrototype/AnimStarterPack/Saved/Config/Windows/Engine.ini]
[2019.02.25-15.36.35:899][  0]LogConfig: Applying CVar settings from Section [ViewDistanceQuality@3] File [C:/Users/owen/Documents/GitHub/FPSAnimationsPrototype/AnimStarterPack/Saved/Config/Windows/Scalability.ini]
[2019.02.25-15.36.35:899][  0]LogConfig: Setting CVar [[r.SkeletalMeshLODBias:0]]
[2019.02.25-15.36.35:900][  0]LogConfig: Setting CVar [[r.ViewDistanceScale:1.0]]
[2019.02.25-15.36.35:900][  0]LogConfig: Applying CVar settings from Section [AntiAliasingQuality@3] File [C:/Users/owen/Documents/GitHub/FPSAnimationsPrototype/AnimStarterPack/Saved/Config/Windows/Scalability.ini]
[2019.02.25-15.36.35:900][  0]LogConfig: Setting CVar [[r.PostProcessAAQuality:4]]
[2019.02.25-15.36.35:900][  0]LogConfig: Applying CVar settings from Section [ShadowQuality@3] File [C:/Users/owen/Documents/GitHub/FPSAnimationsPrototype/AnimStarterPack/Saved/Config/Windows/Scalability.ini]
[2019.02.25-15.36.35:900][  0]LogConfig: Setting CVar [[r.LightFunctionQuality:1]]
[2019.02.25-15.36.35:900][  0]LogConfig: Setting CVar [[r.ShadowQuality:5]]
[2019.02.25-15.36.35:900][  0]LogConfig: Setting CVar [[r.Shadow.CSM.MaxCascades:10]]
[2019.02.25-15.36.35:900][  0]LogConfig: Setting CVar [[r.Shadow.MaxResolution:2048]]
[2019.02.25-15.36.35:900][  0]LogConfig: Setting CVar [[r.Shadow.MaxCSMResolution:2048]]
[2019.02.25-15.36.35:900][  0]LogConfig: Setting CVar [[r.Shadow.RadiusThreshold:0.01]]
[2019.02.25-15.36.35:900][  0]LogConfig: Setting CVar [[r.Shadow.DistanceScale:1.0]]
[2019.02.25-15.36.35:900][  0]LogConfig: Setting CVar [[r.Shadow.CSM.TransitionScale:1.0]]
[2019.02.25-15.36.35:900][  0]LogConfig: Setting CVar [[r.Shadow.PreShadowResolutionFactor:1.0]]
[2019.02.25-15.36.35:900][  0]LogConfig: Setting CVar [[r.DistanceFieldShadowing:1]]
[2019.02.25-15.36.35:900][  0]LogConfig: Setting CVar [[r.DistanceFieldAO:1]]
[2019.02.25-15.36.35:900][  0]LogConfig: Setting CVar [[r.AOQuality:2]]
[2019.02.25-15.36.35:900][  0]LogConfig: Setting CVar [[r.VolumetricFog:1]]
[2019.02.25-15.36.35:900][  0]LogConfig: Setting CVar [[r.VolumetricFog.GridPixelSize:8]]
[2019.02.25-15.36.35:900][  0]LogConfig: Setting CVar [[r.VolumetricFog.GridSizeZ:128]]
[2019.02.25-15.36.35:900][  0]LogConfig: Setting CVar [[r.VolumetricFog.HistoryMissSupersampleCount:4]]
[2019.02.25-15.36.35:900][  0]LogConfig: Setting CVar [[r.LightMaxDrawDistanceScale:1]]
[2019.02.25-15.36.35:900][  0]LogConfig: Setting CVar [[r.CapsuleShadows:1]]
[2019.02.25-15.36.35:900][  0]LogConfig: Applying CVar settings from Section [PostProcessQuality@3] File [C:/Users/owen/Documents/GitHub/FPSAnimationsPrototype/AnimStarterPack/Saved/Config/Windows/Scalability.ini]
[2019.02.25-15.36.35:900][  0]LogConfig: Setting CVar [[r.MotionBlurQuality:4]]
[2019.02.25-15.36.35:900][  0]LogConfig: Setting CVar [[r.AmbientOcclusionMipLevelFactor:0.4]]
[2019.02.25-15.36.35:900][  0]LogConfig: Setting CVar [[r.AmbientOcclusionMaxQuality:100]]
[2019.02.25-15.36.35:900][  0]LogConfig: Setting CVar [[r.AmbientOcclusionLevels:-1]]
[2019.02.25-15.36.35:900][  0]LogConfig: Setting CVar [[r.AmbientOcclusionRadiusScale:1.0]]
[2019.02.25-15.36.35:900][  0]LogConfig: Setting CVar [[r.DepthOfFieldQuality:2]]
[2019.02.25-15.36.35:900][  0]LogConfig: Setting CVar [[r.RenderTargetPoolMin:400]]
[2019.02.25-15.36.35:900][  0]LogConfig: Setting CVar [[r.LensFlareQuality:2]]
[2019.02.25-15.36.35:900][  0]LogConfig: Setting CVar [[r.SceneColorFringeQuality:1]]
[2019.02.25-15.36.35:900][  0]LogConfig: Setting CVar [[r.EyeAdaptationQuality:2]]
[2019.02.25-15.36.35:900][  0]LogConfig: Setting CVar [[r.BloomQuality:5]]
[2019.02.25-15.36.35:900][  0]LogConfig: Setting CVar [[r.FastBlurThreshold:100]]
[2019.02.25-15.36.35:900][  0]LogConfig: Setting CVar [[r.Upscale.Quality:3]]
[2019.02.25-15.36.35:900][  0]LogConfig: Setting CVar [[r.Tonemapper.GrainQuantization:1]]
[2019.02.25-15.36.35:900][  0]LogConfig: Setting CVar [[r.LightShaftQuality:1]]
[2019.02.25-15.36.35:900][  0]LogConfig: Setting CVar [[r.Filter.SizeScale:1]]
[2019.02.25-15.36.35:900][  0]LogConfig: Setting CVar [[r.Tonemapper.Quality:5]]
[2019.02.25-15.36.35:900][  0]LogConfig: Setting CVar [[r.DOF.Gather.AccumulatorQuality:1        ; higher gathering accumulator quality]]
[2019.02.25-15.36.35:900][  0]LogConfig: Setting CVar [[r.DOF.Gather.PostfilterMethod:1          ; Median3x3 postfilering method]]
[2019.02.25-15.36.35:900][  0]LogConfig: Setting CVar [[r.DOF.Gather.EnableBokehSettings:0       ; no bokeh simulation when gathering]]
[2019.02.25-15.36.35:900][  0]LogConfig: Setting CVar [[r.DOF.Gather.RingCount:4                 ; medium number of samples when gathering]]
[2019.02.25-15.36.35:900][  0]LogConfig: Setting CVar [[r.DOF.Scatter.ForegroundCompositing:1    ; additive foreground scattering]]
[2019.02.25-15.36.35:900][  0]LogConfig: Setting CVar [[r.DOF.Scatter.BackgroundCompositing:2    ; additive background scattering]]
[2019.02.25-15.36.35:900][  0]LogConfig: Setting CVar [[r.DOF.Scatter.EnableBokehSettings:1      ; bokeh simulation when scattering]]
[2019.02.25-15.36.35:900][  0]LogConfig: Setting CVar [[r.DOF.Scatter.MaxSpriteRatio:0.1         ; only a maximum of 10% of scattered bokeh]]
[2019.02.25-15.36.35:900][  0]LogConfig: Setting CVar [[r.DOF.Recombine.Quality:1                ; cheap slight out of focus]]
[2019.02.25-15.36.35:900][  0]LogConfig: Setting CVar [[r.DOF.Recombine.EnableBokehSettings:0    ; no bokeh simulation on slight out of focus]]
[2019.02.25-15.36.35:900][  0]LogConfig: Setting CVar [[r.DOF.TemporalAAQuality:1                ; more stable temporal accumulation]]
[2019.02.25-15.36.35:900][  0]LogConfig: Setting CVar [[r.DOF.Kernel.MaxForegroundRadius:0.025]]
[2019.02.25-15.36.35:900][  0]LogConfig: Setting CVar [[r.DOF.Kernel.MaxBackgroundRadius:0.025]]
[2019.02.25-15.36.35:900][  0]LogConfig: Applying CVar settings from Section [TextureQuality@3] File [C:/Users/owen/Documents/GitHub/FPSAnimationsPrototype/AnimStarterPack/Saved/Config/Windows/Scalability.ini]
[2019.02.25-15.36.35:900][  0]LogConfig: Setting CVar [[r.Streaming.MipBias:0]]
[2019.02.25-15.36.35:900][  0]LogConfig: Setting CVar [[r.Streaming.AmortizeCPUToGPUCopy:0]]
[2019.02.25-15.36.35:900][  0]LogConfig: Setting CVar [[r.Streaming.MaxNumTexturesToStreamPerFrame:0]]
[2019.02.25-15.36.35:900][  0]LogConfig: Setting CVar [[r.Streaming.Boost:1]]
[2019.02.25-15.36.35:900][  0]LogConfig: Setting CVar [[r.MaxAnisotropy:8]]
[2019.02.25-15.36.35:900][  0]LogConfig: Setting CVar [[r.Streaming.LimitPoolSizeToVRAM:0]]
[2019.02.25-15.36.35:900][  0]LogConfig: Setting CVar [[r.Streaming.PoolSize:1000]]
[2019.02.25-15.36.35:900][  0]LogConfig: Setting CVar [[r.Streaming.MaxEffectiveScreenSize:0]]
[2019.02.25-15.36.35:900][  0]LogConfig: Applying CVar settings from Section [EffectsQuality@3] File [C:/Users/owen/Documents/GitHub/FPSAnimationsPrototype/AnimStarterPack/Saved/Config/Windows/Scalability.ini]
[2019.02.25-15.36.35:900][  0]LogConfig: Setting CVar [[r.TranslucencyLightingVolumeDim:64]]
[2019.02.25-15.36.35:900][  0]LogConfig: Setting CVar [[r.RefractionQuality:2]]
[2019.02.25-15.36.35:900][  0]LogConfig: Setting CVar [[r.SSR.Quality:3]]
[2019.02.25-15.36.35:900][  0]LogConfig: Setting CVar [[r.SceneColorFormat:4]]
[2019.02.25-15.36.35:900][  0]LogConfig: Setting CVar [[r.DetailMode:2]]
[2019.02.25-15.36.35:900][  0]LogConfig: Setting CVar [[r.TranslucencyVolumeBlur:1]]
[2019.02.25-15.36.35:900][  0]LogConfig: Setting CVar [[r.MaterialQualityLevel:1 ; High quality]]
[2019.02.25-15.36.35:900][  0]LogConfig: Setting CVar [[r.SSS.Scale:1]]
[2019.02.25-15.36.35:900][  0]LogConfig: Setting CVar [[r.SSS.SampleSet:2]]
[2019.02.25-15.36.35:900][  0]LogConfig: Setting CVar [[r.SSS.Quality:1]]
[2019.02.25-15.36.35:900][  0]LogConfig: Setting CVar [[r.SSS.HalfRes:1]]
[2019.02.25-15.36.35:900][  0]LogConfig: Setting CVar [[r.EmitterSpawnRateScale:1.0]]
[2019.02.25-15.36.35:900][  0]LogConfig: Setting CVar [[r.ParticleLightQuality:2]]
[2019.02.25-15.36.35:900][  0]LogConfig: Applying CVar settings from Section [FoliageQuality@3] File [C:/Users/owen/Documents/GitHub/FPSAnimationsPrototype/AnimStarterPack/Saved/Config/Windows/Scalability.ini]
[2019.02.25-15.36.35:900][  0]LogConfig: Setting CVar [[foliage.DensityScale:1.0]]
[2019.02.25-15.36.35:900][  0]LogConfig: Setting CVar [[grass.DensityScale:1.0]]
[2019.02.25-15.36.35:901][  0]LogInit: Selected Device Profile: [Windows]
[2019.02.25-15.36.35:901][  0]LogInit: Applying CVar settings loaded from the selected device profile: [Windows]
[2019.02.25-15.36.35:904][  0]LogHAL: Display: Platform has ~ 16 GB [17101791232 / 17179869184 / 16], which maps to Larger [LargestMinGB=32, LargerMinGB=12, DefaultMinGB=8, SmallerMinGB=6, SmallestMinGB=0)
[2019.02.25-15.36.35:904][  0]LogConfig: Setting CVar [[r.Vulkan.UseRealUBs:1]]
[2019.02.25-15.36.35:904][  0]LogInit: Going up to parent DeviceProfile []
[2019.02.25-15.36.35:904][  0]LogConfig: Applying CVar settings from Section [ViewDistanceQuality@3] File [C:/Users/owen/Documents/GitHub/FPSAnimationsPrototype/AnimStarterPack/Saved/Config/Windows/Scalability.ini]
[2019.02.25-15.36.35:904][  0]LogConfig: Setting CVar [[r.SkeletalMeshLODBias:0]]
[2019.02.25-15.36.35:904][  0]LogConfig: Setting CVar [[r.ViewDistanceScale:1.0]]
[2019.02.25-15.36.35:904][  0]LogConfig: Applying CVar settings from Section [AntiAliasingQuality@3] File [C:/Users/owen/Documents/GitHub/FPSAnimationsPrototype/AnimStarterPack/Saved/Config/Windows/Scalability.ini]
[2019.02.25-15.36.35:904][  0]LogConfig: Setting CVar [[r.PostProcessAAQuality:4]]
[2019.02.25-15.36.35:904][  0]LogConfig: Applying CVar settings from Section [ShadowQuality@3] File [C:/Users/owen/Documents/GitHub/FPSAnimationsPrototype/AnimStarterPack/Saved/Config/Windows/Scalability.ini]
[2019.02.25-15.36.35:904][  0]LogConfig: Setting CVar [[r.LightFunctionQuality:1]]
[2019.02.25-15.36.35:904][  0]LogConfig: Setting CVar [[r.ShadowQuality:5]]
[2019.02.25-15.36.35:904][  0]LogConfig: Setting CVar [[r.Shadow.CSM.MaxCascades:10]]
[2019.02.25-15.36.35:904][  0]LogConfig: Setting CVar [[r.Shadow.MaxResolution:2048]]
[2019.02.25-15.36.35:904][  0]LogConfig: Setting CVar [[r.Shadow.MaxCSMResolution:2048]]
[2019.02.25-15.36.35:904][  0]LogConfig: Setting CVar [[r.Shadow.RadiusThreshold:0.01]]
[2019.02.25-15.36.35:904][  0]LogConfig: Setting CVar [[r.Shadow.DistanceScale:1.0]]
[2019.02.25-15.36.35:904][  0]LogConfig: Setting CVar [[r.Shadow.CSM.TransitionScale:1.0]]
[2019.02.25-15.36.35:904][  0]LogConfig: Setting CVar [[r.Shadow.PreShadowResolutionFactor:1.0]]
[2019.02.25-15.36.35:904][  0]LogConfig: Setting CVar [[r.DistanceFieldShadowing:1]]
[2019.02.25-15.36.35:904][  0]LogConfig: Setting CVar [[r.DistanceFieldAO:1]]
[2019.02.25-15.36.35:904][  0]LogConfig: Setting CVar [[r.AOQuality:2]]
[2019.02.25-15.36.35:904][  0]LogConfig: Setting CVar [[r.VolumetricFog:1]]
[2019.02.25-15.36.35:904][  0]LogConfig: Setting CVar [[r.VolumetricFog.GridPixelSize:8]]
[2019.02.25-15.36.35:904][  0]LogConfig: Setting CVar [[r.VolumetricFog.GridSizeZ:128]]
[2019.02.25-15.36.35:904][  0]LogConfig: Setting CVar [[r.VolumetricFog.HistoryMissSupersampleCount:4]]
[2019.02.25-15.36.35:904][  0]LogConfig: Setting CVar [[r.LightMaxDrawDistanceScale:1]]
[2019.02.25-15.36.35:904][  0]LogConfig: Setting CVar [[r.CapsuleShadows:1]]
[2019.02.25-15.36.35:904][  0]LogConfig: Applying CVar settings from Section [PostProcessQuality@3] File [C:/Users/owen/Documents/GitHub/FPSAnimationsPrototype/AnimStarterPack/Saved/Config/Windows/Scalability.ini]
[2019.02.25-15.36.35:904][  0]LogConfig: Setting CVar [[r.MotionBlurQuality:4]]
[2019.02.25-15.36.35:904][  0]LogConfig: Setting CVar [[r.AmbientOcclusionMipLevelFactor:0.4]]
[2019.02.25-15.36.35:904][  0]LogConfig: Setting CVar [[r.AmbientOcclusionMaxQuality:100]]
[2019.02.25-15.36.35:904][  0]LogConfig: Setting CVar [[r.AmbientOcclusionLevels:-1]]
[2019.02.25-15.36.35:904][  0]LogConfig: Setting CVar [[r.AmbientOcclusionRadiusScale:1.0]]
[2019.02.25-15.36.35:904][  0]LogConfig: Setting CVar [[r.DepthOfFieldQuality:2]]
[2019.02.25-15.36.35:905][  0]LogConfig: Setting CVar [[r.RenderTargetPoolMin:400]]
[2019.02.25-15.36.35:905][  0]LogConfig: Setting CVar [[r.LensFlareQuality:2]]
[2019.02.25-15.36.35:905][  0]LogConfig: Setting CVar [[r.SceneColorFringeQuality:1]]
[2019.02.25-15.36.35:905][  0]LogConfig: Setting CVar [[r.EyeAdaptationQuality:2]]
[2019.02.25-15.36.35:905][  0]LogConfig: Setting CVar [[r.BloomQuality:5]]
[2019.02.25-15.36.35:905][  0]LogConfig: Setting CVar [[r.FastBlurThreshold:100]]
[2019.02.25-15.36.35:905][  0]LogConfig: Setting CVar [[r.Upscale.Quality:3]]
[2019.02.25-15.36.35:905][  0]LogConfig: Setting CVar [[r.Tonemapper.GrainQuantization:1]]
[2019.02.25-15.36.35:905][  0]LogConfig: Setting CVar [[r.LightShaftQuality:1]]
[2019.02.25-15.36.35:905][  0]LogConfig: Setting CVar [[r.Filter.SizeScale:1]]
[2019.02.25-15.36.35:905][  0]LogConfig: Setting CVar [[r.Tonemapper.Quality:5]]
[2019.02.25-15.36.35:905][  0]LogConfig: Setting CVar [[r.DOF.Gather.AccumulatorQuality:1        ; higher gathering accumulator quality]]
[2019.02.25-15.36.35:905][  0]LogConfig: Setting CVar [[r.DOF.Gather.PostfilterMethod:1          ; Median3x3 postfilering method]]
[2019.02.25-15.36.35:905][  0]LogConfig: Setting CVar [[r.DOF.Gather.EnableBokehSettings:0       ; no bokeh simulation when gathering]]
[2019.02.25-15.36.35:905][  0]LogConfig: Setting CVar [[r.DOF.Gather.RingCount:4                 ; medium number of samples when gathering]]
[2019.02.25-15.36.35:905][  0]LogConfig: Setting CVar [[r.DOF.Scatter.ForegroundCompositing:1    ; additive foreground scattering]]
[2019.02.25-15.36.35:905][  0]LogConfig: Setting CVar [[r.DOF.Scatter.BackgroundCompositing:2    ; additive background scattering]]
[2019.02.25-15.36.35:905][  0]LogConfig: Setting CVar [[r.DOF.Scatter.EnableBokehSettings:1      ; bokeh simulation when scattering]]
[2019.02.25-15.36.35:905][  0]LogConfig: Setting CVar [[r.DOF.Scatter.MaxSpriteRatio:0.1         ; only a maximum of 10% of scattered bokeh]]
[2019.02.25-15.36.35:905][  0]LogConfig: Setting CVar [[r.DOF.Recombine.Quality:1                ; cheap slight out of focus]]
[2019.02.25-15.36.35:905][  0]LogConfig: Setting CVar [[r.DOF.Recombine.EnableBokehSettings:0    ; no bokeh simulation on slight out of focus]]
[2019.02.25-15.36.35:905][  0]LogConfig: Setting CVar [[r.DOF.TemporalAAQuality:1                ; more stable temporal accumulation]]
[2019.02.25-15.36.35:905][  0]LogConfig: Setting CVar [[r.DOF.Kernel.MaxForegroundRadius:0.025]]
[2019.02.25-15.36.35:905][  0]LogConfig: Setting CVar [[r.DOF.Kernel.MaxBackgroundRadius:0.025]]
[2019.02.25-15.36.35:905][  0]LogConfig: Applying CVar settings from Section [TextureQuality@3] File [C:/Users/owen/Documents/GitHub/FPSAnimationsPrototype/AnimStarterPack/Saved/Config/Windows/Scalability.ini]
[2019.02.25-15.36.35:905][  0]LogConfig: Setting CVar [[r.Streaming.MipBias:0]]
[2019.02.25-15.36.35:905][  0]LogConfig: Setting CVar [[r.Streaming.AmortizeCPUToGPUCopy:0]]
[2019.02.25-15.36.35:905][  0]LogConfig: Setting CVar [[r.Streaming.MaxNumTexturesToStreamPerFrame:0]]
[2019.02.25-15.36.35:905][  0]LogConfig: Setting CVar [[r.Streaming.Boost:1]]
[2019.02.25-15.36.35:905][  0]LogConfig: Setting CVar [[r.MaxAnisotropy:8]]
[2019.02.25-15.36.35:905][  0]LogConfig: Setting CVar [[r.Streaming.LimitPoolSizeToVRAM:0]]
[2019.02.25-15.36.35:905][  0]LogConfig: Setting CVar [[r.Streaming.PoolSize:1000]]
[2019.02.25-15.36.35:905][  0]LogConfig: Setting CVar [[r.Streaming.MaxEffectiveScreenSize:0]]
[2019.02.25-15.36.35:905][  0]LogConfig: Applying CVar settings from Section [EffectsQuality@3] File [C:/Users/owen/Documents/GitHub/FPSAnimationsPrototype/AnimStarterPack/Saved/Config/Windows/Scalability.ini]
[2019.02.25-15.36.35:905][  0]LogConfig: Setting CVar [[r.TranslucencyLightingVolumeDim:64]]
[2019.02.25-15.36.35:905][  0]LogConfig: Setting CVar [[r.RefractionQuality:2]]
[2019.02.25-15.36.35:905][  0]LogConfig: Setting CVar [[r.SSR.Quality:3]]
[2019.02.25-15.36.35:905][  0]LogConfig: Setting CVar [[r.SceneColorFormat:4]]
[2019.02.25-15.36.35:905][  0]LogConfig: Setting CVar [[r.DetailMode:2]]
[2019.02.25-15.36.35:905][  0]LogConfig: Setting CVar [[r.TranslucencyVolumeBlur:1]]
[2019.02.25-15.36.35:905][  0]LogConfig: Setting CVar [[r.MaterialQualityLevel:1 ; High quality]]
[2019.02.25-15.36.35:905][  0]LogConfig: Setting CVar [[r.SSS.Scale:1]]
[2019.02.25-15.36.35:905][  0]LogConfig: Setting CVar [[r.SSS.SampleSet:2]]
[2019.02.25-15.36.35:905][  0]LogConfig: Setting CVar [[r.SSS.Quality:1]]
[2019.02.25-15.36.35:905][  0]LogConfig: Setting CVar [[r.SSS.HalfRes:1]]
[2019.02.25-15.36.35:905][  0]LogConfig: Setting CVar [[r.EmitterSpawnRateScale:1.0]]
[2019.02.25-15.36.35:905][  0]LogConfig: Setting CVar [[r.ParticleLightQuality:2]]
[2019.02.25-15.36.35:905][  0]LogConfig: Applying CVar settings from Section [FoliageQuality@3] File [C:/Users/owen/Documents/GitHub/FPSAnimationsPrototype/AnimStarterPack/Saved/Config/Windows/Scalability.ini]
[2019.02.25-15.36.35:905][  0]LogConfig: Setting CVar [[foliage.DensityScale:1.0]]
[2019.02.25-15.36.35:905][  0]LogConfig: Setting CVar [[grass.DensityScale:1.0]]
[2019.02.25-15.36.35:905][  0]LogConfig: Applying CVar settings from Section [Startup] File [../../../Engine/Config/ConsoleVariables.ini]
[2019.02.25-15.36.35:906][  0]LogConfig: Setting CVar [[net.UseAdaptiveNetUpdateFrequency:0]]
[2019.02.25-15.36.35:906][  0]LogConfig: Applying CVar settings from Section [ConsoleVariables] File [C:/Users/owen/Documents/GitHub/FPSAnimationsPrototype/AnimStarterPack/Saved/Config/Windows/Engine.ini]
[2019.02.25-15.36.35:906][  0]LogInit: Computer: DESKTOP
[2019.02.25-15.36.35:906][  0]LogInit: User: owen
[2019.02.25-15.36.35:906][  0]LogInit: CPU Page size=4096, Cores=6
[2019.02.25-15.36.35:906][  0]LogInit: High frequency timer resolution =3.221727 MHz
[2019.02.25-15.36.35:906][  0]LogMemory: Memory total: Physical=15.9GB (16GB approx)
[2019.02.25-15.36.35:906][  0]LogMemory: Platform Memory Stats for Windows
[2019.02.25-15.36.35:906][  0]LogMemory: Process Physical Memory: 105.04 MB used, 105.04 MB peak
[2019.02.25-15.36.35:906][  0]LogMemory: Process Virtual Memory: 97.03 MB used, 97.03 MB peak
[2019.02.25-15.36.35:906][  0]LogMemory: Physical Memory: 7996.84 MB used,  8312.70 MB free, 16309.54 MB total
[2019.02.25-15.36.35:906][  0]LogMemory: Virtual Memory: 4670.59 MB used,  134213056.00 MB free, 134217728.00 MB total
[2019.02.25-15.36.35:921][  0]LogInit: Using OS detected language (en-GB).
[2019.02.25-15.36.35:921][  0]LogInit: Using OS detected locale (en-GB).
[2019.02.25-15.36.35:922][  0]LogTextLocalizationManager: No specific localization for 'en-GB' exists, so the 'en' localization will be used.
[2019.02.25-15.36.36:238][  0]LogStreaming: Display: Took  0.317s to InitEngineTextLocalization.
[2019.02.25-15.36.36:262][  0]LogSlate: New Slate User Created.  User Index 0, Is Virtual User: 0
[2019.02.25-15.36.36:262][  0]LogSlate: Slate User Registered.  User Index 0, Is Virtual User: 0
[2019.02.25-15.36.36:283][  0]LogHMD: Failed to initialize OpenVR with code 126
[2019.02.25-15.36.36:283][  0]LogD3D11RHI: D3D11 adapters:
[2019.02.25-15.36.36:324][  0]LogD3D11RHI:    0. 'NVIDIA GeForce GTX 1080' (Feature Level 11_0)
[2019.02.25-15.36.36:324][  0]LogD3D11RHI:       8079/0/8154 MB DedicatedVideo/DedicatedSystem/SharedSystem, Outputs:2, VendorId:0x10de
[2019.02.25-15.36.36:326][  0]LogD3D11RHI:    1. 'Microsoft Basic Render Driver' (Feature Level 11_0)
[2019.02.25-15.36.36:326][  0]LogD3D11RHI:       0/0/8154 MB DedicatedVideo/DedicatedSystem/SharedSystem, Outputs:0, VendorId:0x1414
[2019.02.25-15.36.36:326][  0]LogD3D11RHI: Chosen D3D11 Adapter: 0
[2019.02.25-15.36.36:332][  0]LogD3D11RHI: Creating new Direct3DDevice
[2019.02.25-15.36.36:332][  0]LogD3D11RHI:     GPU DeviceId: 0x1b80 (for the marketing name, search the web for "GPU Device Id")
[2019.02.25-15.36.36:332][  0]LogWindows: EnumDisplayDevices:
[2019.02.25-15.36.36:332][  0]LogWindows:    0. 'NVIDIA GeForce GTX 1080' (P:1 D:1)
[2019.02.25-15.36.36:332][  0]LogWindows:    1. 'NVIDIA GeForce GTX 1080' (P:0 D:1)
[2019.02.25-15.36.36:333][  0]LogWindows:    2. 'NVIDIA GeForce GTX 1080' (P:0 D:0)
[2019.02.25-15.36.36:333][  0]LogWindows:    3. 'NVIDIA GeForce GTX 1080' (P:0 D:0)
[2019.02.25-15.36.36:333][  0]LogWindows: DebugString: FoundDriverCount:4 
[2019.02.25-15.36.36:333][  0]LogD3D11RHI:     Adapter Name: NVIDIA GeForce GTX 1080
[2019.02.25-15.36.36:333][  0]LogD3D11RHI:   Driver Version: 416.94 (internal:25.21.14.1694, unified:416.94)
[2019.02.25-15.36.36:333][  0]LogD3D11RHI:      Driver Date: 11-12-2018
[2019.02.25-15.36.36:333][  0]LogRHI: Texture pool is 5655 MB (70% of 8079 MB)
[2019.02.25-15.36.36:364][  0]LogD3D11RHI: Async texture creation enabled
[2019.02.25-15.36.36:390][  0]LogD3D11RHI: GPU Timing Frequency: 1000.000000 (Debug: 2 2)
[2019.02.25-15.36.36:703][  0]LogTemp: Display: Loaded TP WindowsClientTargetPlatform
[2019.02.25-15.36.36:714][  0]LogTemp: Display: Loaded TP WindowsNoEditorTargetPlatform
[2019.02.25-15.36.36:724][  0]LogTemp: Display: Loaded TP WindowsServerTargetPlatform
[2019.02.25-15.36.36:735][  0]LogTemp: Display: Loaded TP WindowsTargetPlatform
[2019.02.25-15.36.36:735][  0]LogTargetPlatformManager: Display: Building Assets For Windows
[2019.02.25-15.36.36:777][  0]LogShaderCompilers: Guid format shader working directory is -40 characters bigger than the processId version (../../../../../../Users/owen/Documents/GitHub/FPSAnimationsPrototype/AnimStarterPack/Intermediate/Shaders/WorkingDirectory/10180/).
[2019.02.25-15.36.36:777][  0]LogShaderCompilers: Cleaned the shader compiler working directory 'C:/Users/owen/AppData/Local/Temp/UnrealShaderWorkingDir/9644259A4B8BB814A74BE982F4F1607E/'.
[2019.02.25-15.36.36:779][  0]LogXGEController: Cannot use XGE Controller as Incredibuild is not installed on this machine.
[2019.02.25-15.36.36:779][  0]LogShaderCompilers: Cannot use XGE Shader Compiler as Incredibuild is not installed on this machine.
[2019.02.25-15.36.36:779][  0]LogShaderCompilers: Display: Using Local Shader Compiler.
[2019.02.25-15.36.37:224][  0]LogDerivedDataCache: Display: Max Cache Size: 512 MB
[2019.02.25-15.36.37:265][  0]LogDerivedDataCache: Loaded boot cache 0.04s 71MB C:/Users/owen/AppData/Local/UnrealEngine/4.21/DerivedDataCache/Boot.ddc.
[2019.02.25-15.36.37:266][  0]LogDerivedDataCache: Display: Loaded Boot cache: C:/Users/owen/AppData/Local/UnrealEngine/4.21/DerivedDataCache/Boot.ddc
[2019.02.25-15.36.37:266][  0]LogDerivedDataCache: FDerivedDataBackendGraph:  Pak pak cache file ../../../../../../Users/owen/Documents/GitHub/FPSAnimationsPrototype/AnimStarterPack/DerivedDataCache/DDC.ddp not found, will not use a pak cache.
[2019.02.25-15.36.37:266][  0]LogDerivedDataCache: Unable to find inner node Pak for hierarchical cache Hierarchy.
[2019.02.25-15.36.37:266][  0]LogDerivedDataCache: FDerivedDataBackendGraph:  CompressedPak pak cache file ../../../../../../Users/owen/Documents/GitHub/FPSAnimationsPrototype/AnimStarterPack/DerivedDataCache/Compressed.ddp not found, will not use a pak cache.
[2019.02.25-15.36.37:266][  0]LogDerivedDataCache: Unable to find inner node CompressedPak for hierarchical cache Hierarchy.
[2019.02.25-15.36.37:276][  0]LogDerivedDataCache: Display: Pak cache opened for reading ../../../Engine/DerivedDataCache/Compressed.ddp.
[2019.02.25-15.36.37:276][  0]LogDerivedDataCache: FDerivedDataBackendGraph:  EnterprisePak pak cache file ../../../Enterprise/DerivedDataCache/Compressed.ddp not found, will not use a pak cache.
[2019.02.25-15.36.37:276][  0]LogDerivedDataCache: Unable to find inner node EnterprisePak for hierarchical cache Hierarchy.
[2019.02.25-15.36.37:288][  0]LogDerivedDataCache: Using Local data cache path C:/Users/owen/AppData/Local/UnrealEngine/Common/DerivedDataCache: Writable
[2019.02.25-15.36.37:288][  0]LogDerivedDataCache: Shared data cache path not found in *engine.ini, will not use an Shared cache.
[2019.02.25-15.36.37:288][  0]LogDerivedDataCache: Unable to find inner node Shared for hierarchical cache Hierarchy.
[2019.02.25-15.36.37:306][  0]LogMaterial: Verifying Global Shaders for PCD3D_SM5
[2019.02.25-15.36.37:307][  0]LogSlate: Using FreeType 2.6.0
[2019.02.25-15.36.37:308][  0]LogSlate: SlateFontServices - WITH_FREETYPE: 1, WITH_HARFBUZZ: 1
[2019.02.25-15.36.37:384][  0]LogInit: Using OS detected language (en-GB).
[2019.02.25-15.36.37:384][  0]LogInit: Using OS detected locale (en-GB).
[2019.02.25-15.36.37:384][  0]LogTextLocalizationManager: No localization for 'en-GB' exists, so 'en' will be used for the language.
[2019.02.25-15.36.37:384][  0]LogTextLocalizationManager: No localization for 'en-GB' exists, so 'en' will be used for the locale.
[2019.02.25-15.36.37:384][  0]LogSlate: FontCache flush requested. Reason: Culture for localization was changed
[2019.02.25-15.36.37:384][  0]LogSlate: FontCache flush requested. Reason: Culture for localization was changed
[2019.02.25-15.36.37:635][  0]LogStreaming: Display: Took  0.251s to InitGameTextLocalization.
[2019.02.25-15.36.37:641][  0]LogAssetRegistry: FAssetRegistry took 0.0033 seconds to start up
[2019.02.25-15.36.37:800][  0]LogPackageLocalizationCache: Processed 11 localized package path(s) for 1 prioritized culture(s) in 0.009064 seconds
[2019.02.25-15.36.37:885][  0]LogInit: Selected Device Profile: [Windows]
[2019.02.25-15.36.38:001][  0]LogSimplygon: Simplygon DLL not present - disabling.
[2019.02.25-15.36.38:004][  0]LogMeshReduction: Using SimplygonSwarm for distributed automatic mesh merging
[2019.02.25-15.36.38:004][  0]LogMeshReduction: Using ProxyLODMeshReduction for automatic mesh merging
[2019.02.25-15.36.38:004][  0]LogMeshReduction: Using QuadricMeshReduction for automatic static mesh reduction
[2019.02.25-15.36.38:004][  0]LogMeshReduction: No automatic skeletal mesh reduction module available
[2019.02.25-15.36.38:012][  0]LogNetVersion: AnimStarterPack 1.0.0, NetCL: 4541578, EngineNetVer: 5, GameNetVer: 0 (Checksum: 2119507149)
[2019.02.25-15.36.38:471][  0]LogMoviePlayer: Initializing movie player
[2019.02.25-15.36.38:563][  0]LogTcpMessaging: Initializing TcpMessaging bridge
[2019.02.25-15.36.38:576][  0]LogUdpMessaging: Initializing bridge on interface 0.0.0.0:0 to multicast group 230.0.0.1:6666.
[2019.02.25-15.36.38:657][  0]SourceControl: Source control is disabled
[2019.02.25-15.36.38:657][  0]SourceControl: Source control is disabled
[2019.02.25-15.36.38:658][  0]SourceControl: Source control is disabled
[2019.02.25-15.36.38:771][  0]LogAndroidPermission: UAndroidPermissionCallbackProxy::GetInstance
[2019.02.25-15.36.38:878][  0]LogOcInput: OculusInput pre-init called
[2019.02.25-15.36.38:885][  0]LogUObjectArray: 43260 objects as part of root set at end of initial load.
[2019.02.25-15.36.38:885][  0]LogUObjectAllocator: 7607832 out of 0 bytes used by permanent object pool.
[2019.02.25-15.36.38:885][  0]LogUObjectArray: CloseDisregardForGC: 0/0 objects in disregard for GC pool
[2019.02.25-15.36.39:002][  0]LogEngine: Initializing Engine...
[2019.02.25-15.36.39:021][  0]LogHMD: Failed to initialize OpenVR with code 126
[2019.02.25-15.36.39:032][  0]LogStats: UGameplayTagsManager::ConstructGameplayTagTree: ImportINI prefixes -  0.000 s
[2019.02.25-15.36.39:032][  0]LogStats: UGameplayTagsManager::ConstructGameplayTagTree: Construct from data asset -  0.000 s
[2019.02.25-15.36.39:033][  0]LogStats: UGameplayTagsManager::ConstructGameplayTagTree: ImportINI -  0.000 s
[2019.02.25-15.36.39:033][  0]LogStats: UGameplayTagsManager::ConstructGameplayTagTree: GameplayTagTreeChangedEvent.Broadcast -  0.000 s
[2019.02.25-15.36.39:172][  0]LogInit: Initializing FReadOnlyCVARCache
[2019.02.25-15.36.39:202][  0]LogInit: XAudio2 using 'Speakers (DAC-X6)' : 2 channels at 44.1 kHz using 24 bits per sample (channel mask 0x3)
[2019.02.25-15.36.39:210][  0]LogInit: FAudioDevice initialized.
[2019.02.25-15.36.39:222][  0]LogNetVersion: Set ProjectVersion to 1.0.0.0. Version Checksum will be recalculated on next use.
[2019.02.25-15.36.39:225][  0]LogInit: Texture streaming: Enabled
[2019.02.25-15.36.39:344][  0]LogSlate: Updating window title bar state: overlay mode, drag disabled, window buttons hidden, title bar hidden
[2019.02.25-15.36.39:344][  0]LogInit: Display: Game Engine Initialized.
[2019.02.25-15.36.39:344][  0]LogGameplayTags: Display: UGameplayTagsManager::DoneAddingNativeTags. DelegateIsBound: 0
[2019.02.25-15.36.39:344][  0]LogStats: UGameplayTagsManager::ConstructGameplayTagTree: ImportINI prefixes -  0.000 s
[2019.02.25-15.36.39:344][  0]LogStats: UGameplayTagsManager::ConstructGameplayTagTree: Construct from data asset -  0.000 s
[2019.02.25-15.36.39:344][  0]LogStats: UGameplayTagsManager::ConstructGameplayTagTree: ImportINI -  0.000 s
[2019.02.25-15.36.39:344][  0]LogStats: UGameplayTagsManager::ConstructGameplayTagTree: GameplayTagTreeChangedEvent.Broadcast -  0.000 s
[2019.02.25-15.36.39:356][  0]LogInit: Display: Starting Game.
[2019.02.25-15.36.39:356][  0]LogNet: Browse: /Game/StarterContent/Maps/Minimal_Default?Name=Player
[2019.02.25-15.36.39:356][  0]LogLoad: LoadMap: /Game/StarterContent/Maps/Minimal_Default?Name=Player
[2019.02.25-15.36.39:538][  0]LogAIModule: Creating AISystem for world Minimal_Default
[2019.02.25-15.36.39:790][  0]LogLoad: Game class is 'BP_AnimStarterPackGameModeBase_C'
[2019.02.25-15.36.39:791][  0]LogWorld: Bringing World /Game/StarterContent/Maps/Minimal_Default.Minimal_Default up for play (max tick rate 0) at 2019.02.25-15.36.39
[2019.02.25-15.36.39:792][  0]LogWorld: Bringing up level for play took: 0.001518
[2019.02.25-15.36.39:795][  0]LogBlueprintUserMessages: [FPSAnimBlueprint_C_0] 0.0
[2019.02.25-15.36.39:795][  0]LogScript: Warning: Accessed None trying to read property Weapon
	FPSAnimBlueprint_C /Game/StarterContent/Maps/Minimal_Default.Minimal_Default:PersistentLevel.BP_ShooterCharacter_C_0.CharacterMesh0.FPSAnimBlueprint_C_0
	Function /Game/AnimStarterPack/FPSAnimBlueprint.FPSAnimBlueprint_C:ExecuteUbergraph_FPSAnimBlueprint:00CA
[2019.02.25-15.36.39:795][  0]LogScript: Warning: Script call stack:
	Function /Game/AnimStarterPack/FPSAnimBlueprint.FPSAnimBlueprint_C:BlueprintUpdateAnimation
	Function /Game/AnimStarterPack/FPSAnimBlueprint.FPSAnimBlueprint_C:ExecuteUbergraph_FPSAnimBlueprint

[2019.02.25-15.36.39:795][  0]LogScript: Warning: Accessed None trying to read property Weapon
	FPSAnimBlueprint_C /Game/StarterContent/Maps/Minimal_Default.Minimal_Default:PersistentLevel.BP_ShooterCharacter_C_0.CharacterMesh0.FPSAnimBlueprint_C_0
	Function /Game/AnimStarterPack/FPSAnimBlueprint.FPSAnimBlueprint_C:ExecuteUbergraph_FPSAnimBlueprint:0136
[2019.02.25-15.36.39:795][  0]LogScript: Warning: Script call stack:
	Function /Game/AnimStarterPack/FPSAnimBlueprint.FPSAnimBlueprint_C:BlueprintUpdateAnimation
	Function /Game/AnimStarterPack/FPSAnimBlueprint.FPSAnimBlueprint_C:ExecuteUbergraph_FPSAnimBlueprint

[2019.02.25-15.36.39:797][  0]LogLoad: Took 0.440981 seconds to LoadMap(/Game/StarterContent/Maps/Minimal_Default)
[2019.02.25-15.36.39:845][  0]LogRenderer: Reallocating scene render targets to support 1280x720 Format 10 NumSamples 1 (Frame:1).
[2019.02.25-15.36.39:845][  0]LogLoad: (Engine Initialization) Total time: 5.55 seconds
[2019.02.25-15.36.39:845][  0]LogLoad: (Engine Initialization) Total Blueprint compile time: 0.00 seconds
[2019.02.25-15.36.39:869][  0]LogWindowsTextInputMethodSystem: Display: IME system now deactivated.
[2019.02.25-15.36.39:872][  0]LogContentStreaming: Texture pool size now 1000 MB
[2019.02.25-15.36.39:904][  1]LogBlueprintUserMessages: [FPSAnimBlueprint_C_0] 0.0
[2019.02.25-15.36.39:920][  2]LogBlueprintUserMessages: [FPSAnimBlueprint_C_0] 0.0
[2019.02.25-15.36.39:936][  3]LogBlueprintUserMessages: [FPSAnimBlueprint_C_0] 0.0
[2019.02.25-15.36.39:952][  4]LogBlueprintUserMessages: [FPSAnimBlueprint_C_0] 0.0
[2019.02.25-15.36.39:968][  5]LogBlueprintUserMessages: [FPSAnimBlueprint_C_0] 0.0
[2019.02.25-15.36.39:985][  6]LogBlueprintUserMessages: [FPSAnimBlueprint_C_0] 0.0
[2019.02.25-15.36.40:001][  7]LogBlueprintUserMessages: [FPSAnimBlueprint_C_0] 0.874913
[2019.02.25-15.36.40:017][  8]LogBlueprintUserMessages: [FPSAnimBlueprint_C_0] 1.994661
[2019.02.25-15.36.40:033][  9]LogBlueprintUserMessages: [FPSAnimBlueprint_C_0] 3.560379
[2019.02.25-15.36.40:049][ 10]LogBlueprintUserMessages: [FPSAnimBlueprint_C_0] 5.278042
[2019.02.25-15.36.40:065][ 11]LogBlueprintUserMessages: [FPSAnimBlueprint_C_0] 6.930155
[2019.02.25-15.36.40:081][ 12]LogBlueprintUserMessages: [FPSAnimBlueprint_C_0] 8.308187
[2019.02.25-15.36.40:097][ 13]LogBlueprintUserMessages: [FPSAnimBlueprint_C_0] 9.183093
[2019.02.25-15.36.40:114][ 14]LogBlueprintUserMessages: [FPSAnimBlueprint_C_0] 9.883017
[2019.02.25-15.36.40:130][ 15]LogBlueprintUserMessages: [FPSAnimBlueprint_C_0] 10.232989
[2019.02.25-15.36.40:146][ 16]LogBlueprintUserMessages: [FPSAnimBlueprint_C_0] 10.407971
[2019.02.25-15.36.40:162][ 17]LogBlueprintUserMessages: [FPSAnimBlueprint_C_0] 10.582954
[2019.02.25-15.36.40:178][ 18]LogBlueprintUserMessages: [FPSAnimBlueprint_C_0] 10.932913
[2019.02.25-15.36.40:194][ 19]LogBlueprintUserMessages: [FPSAnimBlueprint_C_0] 11.632843
[2019.02.25-15.36.40:210][ 20]LogBlueprintUserMessages: [FPSAnimBlueprint_C_0] 12.157798
[2019.02.25-15.36.40:226][ 21]LogBlueprintUserMessages: [FPSAnimBlueprint_C_0] 12.857721
[2019.02.25-15.36.40:242][ 22]LogBlueprintUserMessages: [FPSAnimBlueprint_C_0] 13.207686
[2019.02.25-15.36.40:258][ 23]LogBlueprintUserMessages: [FPSAnimBlueprint_C_0] 13.557652
[2019.02.25-15.36.40:274][ 24]LogBlueprintUserMessages: [FPSAnimBlueprint_C_0] 13.732627
[2019.02.25-15.36.40:291][ 25]LogBlueprintUserMessages: [FPSAnimBlueprint_C_0] 13.907617
[2019.02.25-15.36.40:307][ 26]LogBlueprintUserMessages: [FPSAnimBlueprint_C_0] 13.90761
[2019.02.25-15.36.40:323][ 27]LogBlueprintUserMessages: [FPSAnimBlueprint_C_0] 14.0826
[2019.02.25-15.36.40:339][ 28]LogBlueprintUserMessages: [FPSAnimBlueprint_C_0] 14.257575
[2019.02.25-15.36.40:355][ 29]LogBlueprintUserMessages: [FPSAnimBlueprint_C_0] 14.607533
[2019.02.25-15.36.40:371][ 30]LogBlueprintUserMessages: [FPSAnimBlueprint_C_0] 15.307464
[2019.02.25-15.36.40:387][ 31]LogBlueprintUserMessages: [FPSAnimBlueprint_C_0] 16.182369
[2019.02.25-15.36.40:404][ 32]LogBlueprintUserMessages: [FPSAnimBlueprint_C_0] 17.262468
[2019.02.25-15.36.40:420][ 33]LogBlueprintUserMessages: [FPSAnimBlueprint_C_0] 18.64233
[2019.02.25-15.36.40:436][ 34]LogBlueprintUserMessages: [FPSAnimBlueprint_C_0] 19.877741
[2019.02.25-15.36.40:452][ 35]LogBlueprintUserMessages: [FPSAnimBlueprint_C_0] 20.907406
[2019.02.25-15.36.40:468][ 36]LogBlueprintUserMessages: [FPSAnimBlueprint_C_0] 22.076851
[2019.02.25-15.36.40:484][ 37]LogBlueprintUserMessages: [FPSAnimBlueprint_C_0] 23.430122
[2019.02.25-15.36.40:500][ 38]LogBlueprintUserMessages: [FPSAnimBlueprint_C_0] 25.128756
[2019.02.25-15.36.40:516][ 39]LogBlueprintUserMessages: [FPSAnimBlueprint_C_0] 26.777613
[2019.02.25-15.36.40:532][ 40]LogBlueprintUserMessages: [FPSAnimBlueprint_C_0] 28.352203
[2019.02.25-15.36.40:549][ 41]LogBlueprintUserMessages: [FPSAnimBlueprint_C_0] 29.930017
[2019.02.25-15.36.40:565][ 42]LogBlueprintUserMessages: [FPSAnimBlueprint_C_0] 30.975508
[2019.02.25-15.36.40:581][ 43]LogBlueprintUserMessages: [FPSAnimBlueprint_C_0] 31.929487
[2019.02.25-15.36.40:597][ 44]LogBlueprintUserMessages: [FPSAnimBlueprint_C_0] 32.510498
[2019.02.25-15.36.40:613][ 45]LogBlueprintUserMessages: [FPSAnimBlueprint_C_0] 32.987492
[2019.02.25-15.36.40:629][ 46]LogBlueprintUserMessages: [FPSAnimBlueprint_C_0] 33.337288
[2019.02.25-15.36.40:645][ 47]LogBlueprintUserMessages: [FPSAnimBlueprint_C_0] 33.656269
[2019.02.25-15.36.40:662][ 48]LogBlueprintUserMessages: [FPSAnimBlueprint_C_0] 33.656269
[2019.02.25-15.36.40:678][ 49]LogBlueprintUserMessages: [FPSAnimBlueprint_C_0] 33.831242
[2019.02.25-15.36.40:694][ 50]LogBlueprintUserMessages: [FPSAnimBlueprint_C_0] 33.831253
[2019.02.25-15.36.40:710][ 51]LogBlueprintUserMessages: [FPSAnimBlueprint_C_0] 34.006268
[2019.02.25-15.36.40:726][ 52]LogBlueprintUserMessages: [FPSAnimBlueprint_C_0] 34.006268
[2019.02.25-15.36.40:742][ 53]LogBlueprintUserMessages: [FPSAnimBlueprint_C_0] 34.006268
[2019.02.25-15.36.40:758][ 54]LogBlueprintUserMessages: [FPSAnimBlueprint_C_0] 34.006268
[2019.02.25-15.36.40:774][ 55]LogBlueprintUserMessages: [FPSAnimBlueprint_C_0] 34.006268
[2019.02.25-15.36.40:791][ 56]LogBlueprintUserMessages: [FPSAnimBlueprint_C_0] 34.006268
[2019.02.25-15.36.40:807][ 57]LogBlueprintUserMessages: [FPSAnimBlueprint_C_0] 33.656288
[2019.02.25-15.36.40:823][ 58]LogBlueprintUserMessages: [FPSAnimBlueprint_C_0] 32.844788
[2019.02.25-15.36.40:839][ 59]LogBlueprintUserMessages: [FPSAnimBlueprint_C_0] 31.956896
[2019.02.25-15.36.40:855][ 60]LogBlueprintUserMessages: [FPSAnimBlueprint_C_0] 30.943836
[2019.02.25-15.36.40:871][ 61]LogBlueprintUserMessages: [FPSAnimBlueprint_C_0] 29.689096
[2019.02.25-15.36.40:887][ 62]LogBlueprintUserMessages: [FPSAnimBlueprint_C_0] 28.16386
[2019.02.25-15.36.40:903][ 63]LogBlueprintUserMessages: [FPSAnimBlueprint_C_0] 26.407053
[2019.02.25-15.36.40:920][ 64]LogBlueprintUserMessages: [FPSAnimBlueprint_C_0] 24.749195
[2019.02.25-15.36.40:936][ 65]LogBlueprintUserMessages: [FPSAnimBlueprint_C_0] 22.95429
[2019.02.25-15.36.40:952][ 66]LogBlueprintUserMessages: [FPSAnimBlueprint_C_0] 21.020699
[2019.02.25-15.36.40:968][ 67]LogBlueprintUserMessages: [FPSAnimBlueprint_C_0] 19.434832
[2019.02.25-15.36.40:984][ 68]LogBlueprintUserMessages: [FPSAnimBlueprint_C_0] 18.204018
[2019.02.25-15.36.41:000][ 69]LogBlueprintUserMessages: [FPSAnimBlueprint_C_0] 17.129341
[2019.02.25-15.36.41:016][ 70]LogBlueprintUserMessages: [FPSAnimBlueprint_C_0] 16.604401
[2019.02.25-15.36.41:033][ 71]LogBlueprintUserMessages: [FPSAnimBlueprint_C_0] 16.079447
[2019.02.25-15.36.41:049][ 72]LogBlueprintUserMessages: [FPSAnimBlueprint_C_0] 15.554484
[2019.02.25-15.36.41:065][ 73]LogBlueprintUserMessages: [FPSAnimBlueprint_C_0] 14.329606
[2019.02.25-15.36.41:081][ 74]LogBlueprintUserMessages: [FPSAnimBlueprint_C_0] 13.229426
[2019.02.25-15.36.41:097][ 75]LogBlueprintUserMessages: [FPSAnimBlueprint_C_0] 11.654686
[2019.02.25-15.36.41:113][ 76]LogBlueprintUserMessages: [FPSAnimBlueprint_C_0] 9.410217
[2019.02.25-15.36.41:129][ 77]LogBlueprintUserMessages: [FPSAnimBlueprint_C_0] 7.290339
[2019.02.25-15.36.41:145][ 78]LogBlueprintUserMessages: [FPSAnimBlueprint_C_0] 5.041014
[2019.02.25-15.36.41:162][ 79]LogBlueprintUserMessages: [FPSAnimBlueprint_C_0] 2.508257
[2019.02.25-15.36.41:178][ 80]LogBlueprintUserMessages: [FPSAnimBlueprint_C_0] -0.041049
[2019.02.25-15.36.41:194][ 81]LogBlueprintUserMessages: [FPSAnimBlueprint_C_0] -2.606257
[2019.02.25-15.36.41:210][ 82]LogBlueprintUserMessages: [FPSAnimBlueprint_C_0] -4.670804
[2019.02.25-15.36.41:226][ 83]LogBlueprintUserMessages: [FPSAnimBlueprint_C_0] -6.420685
[2019.02.25-15.36.41:242][ 84]LogBlueprintUserMessages: [FPSAnimBlueprint_C_0] -7.295557
[2019.02.25-15.36.41:258][ 85]LogBlueprintUserMessages: [FPSAnimBlueprint_C_0] -7.295557
[2019.02.25-15.36.41:274][ 86]LogBlueprintUserMessages: [FPSAnimBlueprint_C_0] -7.295557
[2019.02.25-15.36.41:290][ 87]LogBlueprintUserMessages: [FPSAnimBlueprint_C_0] -7.295557
[2019.02.25-15.36.41:307][ 88]LogBlueprintUserMessages: [FPSAnimBlueprint_C_0] -7.295557
[2019.02.25-15.36.41:323][ 89]LogBlueprintUserMessages: [FPSAnimBlueprint_C_0] -7.295557
[2019.02.25-15.36.41:339][ 90]LogBlueprintUserMessages: [FPSAnimBlueprint_C_0] -7.295557
[2019.02.25-15.36.41:355][ 91]LogBlueprintUserMessages: [FPSAnimBlueprint_C_0] -7.295557
[2019.02.25-15.36.41:371][ 92]LogBlueprintUserMessages: [FPSAnimBlueprint_C_0] -7.295557
[2019.02.25-15.36.41:387][ 93]LogBlueprintUserMessages: [FPSAnimBlueprint_C_0] -7.295557
[2019.02.25-15.36.41:403][ 94]LogBlueprintUserMessages: [FPSAnimBlueprint_C_0] -7.295557
[2019.02.25-15.36.41:419][ 95]LogBlueprintUserMessages: [FPSAnimBlueprint_C_0] -7.295557
[2019.02.25-15.36.41:436][ 96]LogBlueprintUserMessages: [FPSAnimBlueprint_C_0] -7.295557
[2019.02.25-15.36.41:452][ 97]LogBlueprintUserMessages: [FPSAnimBlueprint_C_0] -7.295557
[2019.02.25-15.36.41:468][ 98]LogBlueprintUserMessages: [FPSAnimBlueprint_C_0] -7.295557
[2019.02.25-15.36.41:484][ 99]LogBlueprintUserMessages: [FPSAnimBlueprint_C_0] -7.295557
[2019.02.25-15.36.41:500][100]LogBlueprintUserMessages: [FPSAnimBlueprint_C_0] -7.295557
[2019.02.25-15.36.41:516][101]LogBlueprintUserMessages: [FPSAnimBlueprint_C_0] -7.295557
[2019.02.25-15.36.41:532][102]LogBlueprintUserMessages: [FPSAnimBlueprint_C_0] -7.295557
[2019.02.25-15.36.41:549][103]LogBlueprintUserMessages: [FPSAnimBlueprint_C_0] -7.295557
[2019.02.25-15.36.41:565][104]LogBlueprintUserMessages: [FPSAnimBlueprint_C_0] -7.295557
[2019.02.25-15.36.41:581][105]LogBlueprintUserMessages: [FPSAnimBlueprint_C_0] -7.295557
[2019.02.25-15.36.41:597][106]LogBlueprintUserMessages: [FPSAnimBlueprint_C_0] -7.295557
[2019.02.25-15.36.41:613][107]LogBlueprintUserMessages: [FPSAnimBlueprint_C_0] -7.295557
[2019.02.25-15.36.41:629][108]LogBlueprintUserMessages: [FPSAnimBlueprint_C_0] -7.295557
[2019.02.25-15.36.41:645][109]LogBlueprintUserMessages: [FPSAnimBlueprint_C_0] -7.295557
[2019.02.25-15.36.41:661][110]LogBlueprintUserMessages: [FPSAnimBlueprint_C_0] -7.295557
[2019.02.25-15.36.41:678][111]LogBlueprintUserMessages: [FPSAnimBlueprint_C_0] -7.295557
[2019.02.25-15.36.41:694][112]LogBlueprintUserMessages: [FPSAnimBlueprint_C_0] -7.295557
[2019.02.25-15.36.41:710][113]LogBlueprintUserMessages: [FPSAnimBlueprint_C_0] -7.295557
[2019.02.25-15.36.41:726][114]LogBlueprintUserMessages: [FPSAnimBlueprint_C_0] -7.295557
[2019.02.25-15.36.41:742][115]LogBlueprintUserMessages: [FPSAnimBlueprint_C_0] -7.295557
[2019.02.25-15.36.41:758][116]LogBlueprintUserMessages: [FPSAnimBlueprint_C_0] -7.295557
[2019.02.25-15.36.41:774][117]LogBlueprintUserMessages: [FPSAnimBlueprint_C_0] -7.295557
[2019.02.25-15.36.41:790][118]LogBlueprintUserMessages: [FPSAnimBlueprint_C_0] -7.295557
[2019.02.25-15.36.41:807][119]LogBlueprintUserMessages: [FPSAnimBlueprint_C_0] -7.295557
[2019.02.25-15.36.41:823][120]LogBlueprintUserMessages: [FPSAnimBlueprint_C_0] -7.295557
[2019.02.25-15.36.41:839][121]LogBlueprintUserMessages: [FPSAnimBlueprint_C_0] -7.295557
[2019.02.25-15.36.41:855][122]LogBlueprintUserMessages: [FPSAnimBlueprint_C_0] -7.295557
[2019.02.25-15.36.41:871][123]LogBlueprintUserMessages: [FPSAnimBlueprint_C_0] -6.945585
[2019.02.25-15.36.41:887][124]LogBlueprintUserMessages: [FPSAnimBlueprint_C_0] -6.245696
[2019.02.25-15.36.41:904][125]LogBlueprintUserMessages: [FPSAnimBlueprint_C_0] -5.720734
[2019.02.25-15.36.41:920][126]LogBlueprintUserMessages: [FPSAnimBlueprint_C_0] -5.020817
[2019.02.25-15.36.41:936][127]LogBlueprintUserMessages: [FPSAnimBlueprint_C_0] -5.020817
[2019.02.25-15.36.41:953][128]LogBlueprintUserMessages: [FPSAnimBlueprint_C_0] -5.020817
[2019.02.25-15.36.41:968][129]LogBlueprintUserMessages: [FPSAnimBlueprint_C_0] -5.020817
[2019.02.25-15.36.41:984][130]LogBlueprintUserMessages: [FPSAnimBlueprint_C_0] -5.020817
[2019.02.25-15.36.42:000][131]LogBlueprintUserMessages: [FPSAnimBlueprint_C_0] -5.020817
[2019.02.25-15.36.42:016][132]LogBlueprintUserMessages: [FPSAnimBlueprint_C_0] -5.020817
[2019.02.25-15.36.42:032][133]LogBlueprintUserMessages: [FPSAnimBlueprint_C_0] -5.020817
[2019.02.25-15.36.42:049][134]LogBlueprintUserMessages: [FPSAnimBlueprint_C_0] -5.020817
[2019.02.25-15.36.42:065][135]LogBlueprintUserMessages: [FPSAnimBlueprint_C_0] -5.020817
[2019.02.25-15.36.42:081][136]LogBlueprintUserMessages: [FPSAnimBlueprint_C_0] -5.020817
[2019.02.25-15.36.42:097][137]LogBlueprintUserMessages: [FPSAnimBlueprint_C_0] -5.020817
[2019.02.25-15.36.42:113][138]LogBlueprintUserMessages: [FPSAnimBlueprint_C_0] -5.020817
[2019.02.25-15.36.42:129][139]LogBlueprintUserMessages: [FPSAnimBlueprint_C_0] -5.020817
[2019.02.25-15.36.42:145][140]LogBlueprintUserMessages: [FPSAnimBlueprint_C_0] -5.020817
[2019.02.25-15.36.42:162][141]LogBlueprintUserMessages: [FPSAnimBlueprint_C_0] -5.020817
[2019.02.25-15.36.42:178][142]LogBlueprintUserMessages: [FPSAnimBlueprint_C_0] -5.020817
[2019.02.25-15.36.42:194][143]LogBlueprintUserMessages: [FPSAnimBlueprint_C_0] -5.020817
[2019.02.25-15.36.42:210][144]LogBlueprintUserMessages: [FPSAnimBlueprint_C_0] -5.020817
[2019.02.25-15.36.42:226][145]LogBlueprintUserMessages: [FPSAnimBlueprint_C_0] -5.020817
[2019.02.25-15.36.42:242][146]LogBlueprintUserMessages: [FPSAnimBlueprint_C_0] -5.020817
[2019.02.25-15.36.42:258][147]LogBlueprintUserMessages: [FPSAnimBlueprint_C_0] -5.020817
[2019.02.25-15.36.42:274][148]LogBlueprintUserMessages: [FPSAnimBlueprint_C_0] -5.020817
[2019.02.25-15.36.42:290][149]LogBlueprintUserMessages: [FPSAnimBlueprint_C_0] -5.020817
[2019.02.25-15.36.42:307][150]LogBlueprintUserMessages: [FPSAnimBlueprint_C_0] -5.020817
[2019.02.25-15.36.42:323][151]LogBlueprintUserMessages: [FPSAnimBlueprint_C_0] -5.020817
[2019.02.25-15.36.42:339][152]LogBlueprintUserMessages: [FPSAnimBlueprint_C_0] -5.020817
[2019.02.25-15.36.42:355][153]LogBlueprintUserMessages: [FPSAnimBlueprint_C_0] -5.020817
[2019.02.25-15.36.42:372][154]LogBlueprintUserMessages: [FPSAnimBlueprint_C_0] -5.020817
[2019.02.25-15.36.42:388][155]LogBlueprintUserMessages: [FPSAnimBlueprint_C_0] -5.020817
[2019.02.25-15.36.42:404][156]LogBlueprintUserMessages: [FPSAnimBlueprint_C_0] -5.020817
[2019.02.25-15.36.42:420][157]LogBlueprintUserMessages: [FPSAnimBlueprint_C_0] -5.020817
[2019.02.25-15.36.42:436][158]LogBlueprintUserMessages: [FPSAnimBlueprint_C_0] -5.020817
[2019.02.25-15.36.42:452][159]LogBlueprintUserMessages: [FPSAnimBlueprint_C_0] -5.020817
[2019.02.25-15.36.42:468][160]LogBlueprintUserMessages: [FPSAnimBlueprint_C_0] -5.020817
[2019.02.25-15.36.42:485][161]LogBlueprintUserMessages: [FPSAnimBlueprint_C_0] -5.020817
[2019.02.25-15.36.42:501][162]LogBlueprintUserMessages: [FPSAnimBlueprint_C_0] -5.020817
[2019.02.25-15.36.42:517][163]LogBlueprintUserMessages: [FPSAnimBlueprint_C_0] -5.020817
[2019.02.25-15.36.42:533][164]LogBlueprintUserMessages: [FPSAnimBlueprint_C_0] -5.020817
[2019.02.25-15.36.42:549][165]LogBlueprintUserMessages: [FPSAnimBlueprint_C_0] -5.020817
[2019.02.25-15.36.42:565][166]LogBlueprintUserMessages: [FPSAnimBlueprint_C_0] -5.020817
[2019.02.25-15.36.42:581][167]LogBlueprintUserMessages: [FPSAnimBlueprint_C_0] -5.020817
[2019.02.25-15.36.42:597][168]LogBlueprintUserMessages: [FPSAnimBlueprint_C_0] -5.020817
[2019.02.25-15.36.42:614][169]LogBlueprintUserMessages: [FPSAnimBlueprint_C_0] -5.020817
[2019.02.25-15.36.42:630][170]LogBlueprintUserMessages: [FPSAnimBlueprint_C_0] -5.020817
[2019.02.25-15.36.42:646][171]LogBlueprintUserMessages: [FPSAnimBlueprint_C_0] -5.020817
[2019.02.25-15.36.42:662][172]LogBlueprintUserMessages: [FPSAnimBlueprint_C_0] -5.020817
[2019.02.25-15.36.42:678][173]LogBlueprintUserMessages: [FPSAnimBlueprint_C_0] -5.020817
[2019.02.25-15.36.42:694][174]LogBlueprintUserMessages: [FPSAnimBlueprint_C_0] -5.020817
[2019.02.25-15.36.42:710][175]LogBlueprintUserMessages: [FPSAnimBlueprint_C_0] -5.020817
[2019.02.25-15.36.42:726][176]LogBlueprintUserMessages: [FPSAnimBlueprint_C_0] -5.020817
[2019.02.25-15.36.42:743][177]LogBlueprintUserMessages: [FPSAnimBlueprint_C_0] -5.020817
[2019.02.25-15.36.42:759][178]LogBlueprintUserMessages: [FPSAnimBlueprint_C_0] -5.020817
[2019.02.25-15.36.42:775][179]LogBlueprintUserMessages: [FPSAnimBlueprint_C_0] -5.020817
[2019.02.25-15.36.42:791][180]LogBlueprintUserMessages: [FPSAnimBlueprint_C_0] -5.020817
[2019.02.25-15.36.42:807][181]LogBlueprintUserMessages: [FPSAnimBlueprint_C_0] -5.020817
[2019.02.25-15.36.42:823][182]LogBlueprintUserMessages: [FPSAnimBlueprint_C_0] -5.020817
[2019.02.25-15.36.42:839][183]LogBlueprintUserMessages: [FPSAnimBlueprint_C_0] -5.020817
[2019.02.25-15.36.42:855][184]LogBlueprintUserMessages: [FPSAnimBlueprint_C_0] -5.020817
[2019.02.25-15.36.42:872][185]LogBlueprintUserMessages: [FPSAnimBlueprint_C_0] -5.020817
[2019.02.25-15.36.42:888][186]LogBlueprintUserMessages: [FPSAnimBlueprint_C_0] -5.020817
[2019.02.25-15.36.42:904][187]LogBlueprintUserMessages: [FPSAnimBlueprint_C_0] -5.020817
